{
  "Cucumber Features": {
    "coverage": {
      "/Users/chantrinh/cs169-proj/workshift-website/app/models/user.rb": [
        null,
        null,
        null,
        null,
        null,
        null,
        null,
        null,
        null,
        null,
        null,
        null,
        null,
        null,
        null,
        null,
        null,
        null,
        null,
        null,
        null,
        null,
        null,
        null,
        null,
        null,
        null,
        null,
        null,
        null,
        null,
        null,
        1,
        null,
        1,
        1,
        1,
        1,
        null,
        1,
        null,
        null,
        null,
        1,
        null,
        null,
        1,
        null,
        null,
        null,
        null,
        null,
        null,
        1,
        3,
        2,
        2,
        null,
        5,
        4,
        4,
        null,
        1,
        null,
        null,
        1,
        1,
        1,
        null,
        null,
        null,
        null,
        1,
        1,
        1,
        1,
        null,
        null,
        null,
        null,
        null,
        null,
        null,
        null,
        null,
        null,
        null,
        null,
        null,
        null,
        1,
        74,
        49,
        null,
        null,
        1,
        79,
        null,
        null,
        1,
        4,
        2,
        6,
        6,
        6,
        6,
        null,
        null,
        null,
        1,
        null,
        1,
        4,
        1,
        1,
        1,
        null,
        3,
        1,
        null,
        null,
        null
      ],
      "/Users/chantrinh/cs169-proj/workshift-website/app/controllers/application_controller.rb": [
        1,
        1,
        1,
        null,
        1,
        null,
        1,
        null,
        1,
        2,
        2,
        2,
        null,
        2,
        null,
        null
      ],
      "/Users/chantrinh/cs169-proj/workshift-website/app/helpers/application_helper.rb": [
        1,
        null
      ],
      "/Users/chantrinh/cs169-proj/workshift-website/app/helpers/categories_helper.rb": [
        1,
        null
      ],
      "/Users/chantrinh/cs169-proj/workshift-website/app/helpers/workshifts_helper.rb": [
        1,
        null
      ],
      "/Users/chantrinh/cs169-proj/workshift-website/app/controllers/categories_controller.rb": [
        1,
        1,
        1,
        null,
        1,
        null,
        1,
        0,
        0,
        null,
        null,
        1,
        3,
        null,
        null,
        1,
        2,
        2,
        2,
        null,
        null,
        1,
        null,
        1,
        null,
        null,
        1,
        2,
        2,
        2,
        1,
        1,
        null,
        1,
        null,
        null,
        null,
        1,
        1,
        1,
        1,
        null,
        null,
        1,
        0,
        0,
        0,
        null,
        null,
        1,
        null,
        1,
        5,
        null,
        null
      ],
      "/Users/chantrinh/cs169-proj/workshift-website/app/models/category.rb": [
        1,
        1,
        1,
        null,
        1,
        null,
        1,
        null
      ],
      "/Users/chantrinh/cs169-proj/workshift-website/app/controllers/users_controller.rb": [
        1,
        1,
        1,
        null,
        1,
        1,
        null,
        null,
        1,
        74,
        74,
        74,
        74,
        1,
        null,
        74,
        1,
        null,
        null,
        null,
        1,
        3,
        3,
        3,
        3,
        null,
        1,
        1,
        1,
        2,
        2,
        2,
        null,
        null,
        null,
        1,
        1,
        1,
        1,
        1,
        null,
        null,
        1,
        0,
        0,
        null,
        null,
        1,
        0,
        0,
        0,
        null,
        null,
        null,
        1,
        0,
        0,
        null,
        null,
        1,
        4,
        null,
        null,
        1,
        4,
        4,
        4,
        4,
        2,
        2,
        2,
        2,
        2,
        2,
        null,
        null,
        null
      ],
      "/Users/chantrinh/cs169-proj/workshift-website/app/controllers/workshift_assignments_controller.rb": [
        1,
        1,
        1,
        null,
        1,
        0,
        0,
        0,
        0,
        0,
        null,
        0,
        0,
        0,
        0,
        0,
        null,
        0,
        0,
        0,
        0,
        null,
        null,
        1,
        1,
        null,
        null,
        1,
        0,
        0,
        0,
        0,
        null,
        0,
        0,
        null,
        null,
        null,
        1,
        0,
        0,
        0,
        0,
        0,
        null,
        0,
        0,
        0,
        0,
        null,
        0,
        0,
        null,
        null,
        null,
        1,
        0,
        0,
        0,
        0,
        null,
        0,
        0,
        null,
        null,
        null,
        1,
        null,
        1,
        0,
        null,
        null
      ],
      "/Users/chantrinh/cs169-proj/workshift-website/app/models/workshift_assignment.rb": [
        1,
        1,
        1,
        1,
        null,
        1,
        null,
        null,
        1,
        null,
        1,
        null,
        null,
        1,
        1,
        null,
        null,
        1,
        6,
        6,
        null,
        null,
        1,
        0,
        null,
        null,
        null,
        null,
        null,
        1,
        0,
        0,
        0,
        0,
        0,
        0,
        null,
        null,
        null,
        1,
        null,
        2,
        null,
        null,
        1,
        2,
        null,
        null,
        1,
        2,
        null,
        null,
        1,
        1,
        null,
        null,
        1,
        0,
        null,
        null,
        1,
        1,
        1,
        null,
        null,
        1,
        1,
        1,
        1,
        1,
        null,
        null,
        null,
        null,
        null,
        null,
        null,
        null,
        null,
        null,
        null,
        1,
        0,
        0,
        0,
        0,
        0,
        0,
        0,
        0,
        null,
        0,
        null,
        null,
        1,
        0,
        null,
        null,
        null,
        null,
        null,
        null,
        null,
        null,
        null,
        null,
        null,
        1,
        0,
        null,
        null,
        1,
        0,
        0,
        null,
        0,
        null,
        null,
        null,
        1,
        10,
        null,
        null,
        1,
        1,
        null,
        null,
        1,
        1,
        null,
        null,
        1,
        0,
        null,
        null,
        1,
        null,
        1,
        0,
        null,
        0,
        0,
        null,
        null,
        0,
        0,
        null,
        0,
        null,
        null,
        0,
        null,
        null,
        0,
        null,
        null,
        0,
        null,
        0,
        null,
        0,
        null,
        null,
        1,
        null,
        7,
        null,
        6,
        null,
        null,
        1,
        1,
        null,
        2,
        null,
        1,
        null,
        null,
        1,
        1,
        null,
        1,
        null,
        1,
        null,
        null,
        1,
        0,
        0,
        0,
        0,
        0,
        null,
        null,
        null,
        null,
        1,
        0,
        0,
        0,
        0,
        null,
        0,
        0,
        0,
        null,
        0,
        null,
        null
      ],
      "/Users/chantrinh/cs169-proj/workshift-website/app/controllers/workshifts_controller.rb": [
        1,
        1,
        1,
        1,
        null,
        1,
        null,
        1,
        4,
        4,
        null,
        null,
        1,
        4,
        4,
        null,
        null,
        1,
        6,
        6,
        5,
        null,
        null,
        1,
        4,
        null,
        null,
        1,
        5,
        5,
        5,
        5,
        1,
        1,
        1,
        1,
        null,
        4,
        6,
        6,
        2,
        2,
        null,
        4,
        4,
        null,
        null,
        2,
        null,
        null,
        1,
        3,
        3,
        3,
        null,
        3,
        3,
        3,
        null,
        null,
        1,
        1,
        1,
        1,
        null,
        null,
        1,
        null,
        1,
        12,
        null,
        null
      ],
      "/Users/chantrinh/cs169-proj/workshift-website/app/models/workshift.rb": [
        null,
        null,
        null,
        null,
        null,
        null,
        null,
        null,
        null,
        null,
        null,
        null,
        null,
        null,
        null,
        1,
        1,
        1,
        null,
        1,
        1,
        null,
        null,
        1,
        null,
        1,
        null,
        null,
        1,
        null,
        null,
        1,
        13,
        13,
        6,
        null,
        null,
        6,
        6,
        6,
        null,
        null,
        null,
        1,
        6,
        6,
        6,
        6,
        null,
        null,
        null,
        null,
        null,
        null,
        null,
        null,
        null,
        6,
        null,
        null,
        null,
        null,
        null,
        null,
        6,
        6,
        null,
        null,
        1,
        null,
        null,
        null,
        44,
        2,
        null,
        null,
        1,
        8,
        8,
        56,
        null,
        8,
        null,
        null,
        1,
        0,
        0,
        null,
        null,
        null,
        1,
        null,
        22,
        null,
        null,
        1,
        15,
        15,
        null,
        null,
        1,
        16,
        null,
        null,
        1,
        16,
        null,
        null
      ],
      "/Users/chantrinh/cs169-proj/workshift-website/app/mailers/confirmation_mailer.rb": [
        1,
        1,
        1,
        0,
        0,
        null,
        null
      ],
      "/Users/chantrinh/cs169-proj/workshift-website/app/models/preference.rb": [
        1,
        1,
        1,
        null,
        1,
        null,
        1,
        null
      ],
      "/Users/chantrinh/cs169-proj/workshift-website/app/models/weekly_report.rb": [
        1,
        1,
        null,
        1,
        0,
        null,
        null,
        1,
        2,
        2,
        2,
        2,
        null,
        null,
        0,
        null,
        null,
        1,
        0,
        null,
        null
      ],
      "/Users/chantrinh/cs169-proj/workshift-website/app/policies/application_policy.rb": [
        1,
        1,
        null,
        1,
        472,
        472,
        null,
        null,
        1,
        0,
        null,
        null,
        1,
        4,
        null,
        null,
        1,
        0,
        null,
        null,
        1,
        0,
        null,
        null,
        1,
        0,
        null,
        null,
        1,
        0,
        null,
        null,
        1,
        0,
        null,
        null,
        1,
        4,
        null,
        null,
        1,
        1,
        null,
        1,
        4,
        4,
        null,
        null,
        1,
        4,
        null,
        null,
        null,
        null
      ],
      "/Users/chantrinh/cs169-proj/workshift-website/app/policies/category_policy.rb": [
        1,
        1,
        2,
        null,
        null,
        1,
        126,
        null,
        null,
        1,
        2,
        null,
        null,
        1,
        1,
        null,
        null,
        1,
        0,
        null,
        null
      ],
      "/Users/chantrinh/cs169-proj/workshift-website/app/policies/user_policy.rb": [
        1,
        1,
        128,
        null,
        null,
        1,
        11,
        null,
        null,
        1,
        4,
        null,
        null,
        1,
        125,
        null,
        null,
        1,
        0,
        null,
        null,
        1,
        0,
        null,
        null
      ],
      "/Users/chantrinh/cs169-proj/workshift-website/app/policies/workshift_assignment_policy.rb": [
        1,
        1,
        0,
        null,
        null,
        null,
        1,
        0,
        null,
        null,
        1,
        0,
        null,
        null,
        1,
        0,
        null,
        null
      ],
      "/Users/chantrinh/cs169-proj/workshift-website/app/policies/workshift_policy.rb": [
        1,
        1,
        10,
        null,
        null,
        1,
        31,
        null,
        null,
        1,
        5,
        null,
        null,
        1,
        3,
        null,
        null,
        1,
        20,
        null,
        null
      ]
    },
    "timestamp": 1429654769
  },
  "RSpec": {
    "coverage": {
    },
    "timestamp": 1430046000
  }
}
